[2025-10-28 20:29:43] 检测到文件变化，开始同步...
To https://github.com/liuliang0910/MayCoffee.git
   d3b577d..0e9933f  main -> main
[main 0e9933f] 自动同步 - 2025-10-28 20:29:43
 3 files changed, 202 insertions(+), 1 deletion(-)
 create mode 100644 auto_sync.log
 create mode 100755 auto_sync.sh
Everything up-to-date
[2025-10-28 20:29:46] 同步完成
[2025-10-28 20:30:46] 检测到文件变化，开始同步...
To https://github.com/liuliang0910/MayCoffee.git
   0e9933f..6f1f477  main -> main
[main 6f1f477] 自动同步 - 2025-10-28 20:30:46
 2 files changed, 220 insertions(+), 92 deletions(-)
Everything up-to-date
[2025-10-28 20:30:49] 同步完成
[2025-10-28 20:31:49] 检测到文件变化，开始同步...
To https://github.com/liuliang0910/MayCoffee.git
   6f1f477..2de1540  main -> main
[main 2de1540] 自动同步 - 2025-10-28 20:31:49
 1 file changed, 9 insertions(+)
Everything up-to-date
[2025-10-28 20:31:51] 同步完成
[2025-10-28 20:32:52] 检测到文件变化，开始同步...
To https://github.com/liuliang0910/MayCoffee.git
   2de1540..b336ac8  main -> main
[main b336ac8] 自动同步 - 2025-10-28 20:32:52
 1 file changed, 9 insertions(+)
Everything up-to-date
[2025-10-28 20:32:54] 同步完成
[2025-10-28 20:33:54] 检测到文件变化，开始同步...
